This is pdfeTeX, Version 3.141592-1.21a-2.2 (Web2C 7.5.4) (format=pdflatex 2009.11.3)  26 FEB 2010 10:02
entering extended mode
**algorithm2e.tex
(./algorithm2e.tex
LaTeX2e <2003/12/01>
Babel <v3.8d> and hyphenation patterns for american, french, german, ngerman, b
ahasa, basque, bulgarian, catalan, croatian, czech, danish, dutch, esperanto, e
stonian, finnish, greek, icelandic, irish, italian, latin, magyar, norsk, polis
h, portuges, romanian, russian, serbian, slovak, slovene, spanish, swedish, tur
kish, ukrainian, nohyphenation, loaded.
(/usr/share/texmf/tex/latex/base/article.cls
Document Class: article 2004/02/16 v1.4f Standard LaTeX document class
(/usr/share/texmf/tex/latex/base/size10.clo
File: size10.clo 2004/02/16 v1.4f Standard LaTeX file (size option)
)
\c@part=\count79
\c@section=\count80
\c@subsection=\count81
\c@subsubsection=\count82
\c@paragraph=\count83
\c@subparagraph=\count84
\c@figure=\count85
\c@table=\count86
\abovecaptionskip=\skip41
\belowcaptionskip=\skip42
\bibindent=\dimen102
)
(/usr/share/texmf/tex/latex/a4wide/a4wide.sty
Package: a4wide 1994/08/30

(/usr/share/texmf/tex/latex/ntgclass/a4.sty
Package: a4 2004/04/15 v1.2g A4 based page layout
))
(/usr/share/texmf/tex/latex/tools/varioref.sty
Package: varioref 2004/02/27 v1.4i package for extended references (FMi)
\c@vrcnt=\count87
)
(/usr/share/texmf/tex/latex/base/makeidx.sty
Package: makeidx 2000/03/29 v1.0m Standard LaTeX package
)
(/usr/share/texmf/tex/latex/hyperref/hyperref.sty
Package: hyperref 2003/11/30 v6.74m Hypertext links for LaTeX

(/usr/share/texmf/tex/latex/graphics/keyval.sty
Package: keyval 1999/03/16 v1.13 key=value parser (DPC)
\KV@toks@=\toks14
)
\@linkdim=\dimen103
\Hy@linkcounter=\count88
\Hy@pagecounter=\count89

(/usr/share/texmf/tex/latex/hyperref/pd1enc.def
File: pd1enc.def 2003/11/30 v6.74m Hyperref: PDFDocEncoding definition (HO)
)
(/usr/share/texmf/tex/latex/hyperref/hyperref.cfg
File: hyperref.cfg 2002/06/06 v1.2 hyperref configuration of TeXLive and teTeX
)
Package hyperref Info: Option `colorlinks' set `true' on input line 1830.
Package hyperref Info: Option `plainpages' set `false' on input line 1830.
Package hyperref Info: Option `hypertexnames' set `true' on input line 1830.
Package hyperref Info: Option `naturalnames' set `true' on input line 1830.
Package hyperref Info: Option `hyperindex' set `true' on input line 1830.
Package hyperref Info: Hyper figures OFF on input line 1880.
Package hyperref Info: Link nesting OFF on input line 1885.
Package hyperref Info: Hyper index ON on input line 1888.
Package hyperref Info: Plain pages OFF on input line 1895.
Package hyperref Info: Backreferencing OFF on input line 1900.

Implicit mode ON; LaTeX internals redefined
Package hyperref Info: Bookmarks ON on input line 2004.
(/usr/share/texmf/tex/latex/html/url.sty
Package: url 1999/03/02  ver 1.4  Verb mode for urls, email addresses, and file
 names
)
LaTeX Info: Redefining \url on input line 2143.
\Fld@menulength=\count90
\Field@Width=\dimen104
\Fld@charsize=\dimen105
\Choice@toks=\toks15
\Field@toks=\toks16
Package hyperref Info: Hyper figures OFF on input line 2618.
Package hyperref Info: Link nesting OFF on input line 2623.
Package hyperref Info: Hyper index ON on input line 2626.
Package hyperref Info: backreferencing OFF on input line 2633.
Package hyperref Info: Link coloring ON on input line 2636.
\c@Item=\count91
\c@Hfootnote=\count92
)
*hyperref using default driver hpdftex*
(/usr/share/texmf/tex/latex/hyperref/hpdftex.def
File: hpdftex.def 2003/11/30 v6.74m Hyperref driver for pdfTeX

(/usr/share/texmf/tex/latex/psnfss/pifont.sty
Package: pifont 2004/09/15 PSNFSS-v9.2 Pi font support (SPQR) 
LaTeX Font Info:    Try loading font information for U+pzd on input line 63.

(/usr/share/texmf/tex/latex/psnfss/upzd.fd
File: upzd.fd 2001/06/04 font definitions for U/pzd.
)
LaTeX Font Info:    Try loading font information for U+psy on input line 64.

(/usr/share/texmf/tex/latex/psnfss/upsy.fd
File: upsy.fd 2001/06/04 font definitions for U/psy.
))
\Fld@listcount=\count93
\@outlinefile=\write3
)
(/usr/share/texmf/tex/latex/moreverb/moreverb.sty
Package: moreverb 1997/12/07 v2.2d.2 `more' verbatim facilities

(/usr/share/texmf/tex/latex/tools/verbatim.sty
Package: verbatim 2003/08/22 v1.5q LaTeX2e package for verbatim enhancements
\every@verbatim=\toks17
\verbatim@line=\toks18
\verbatim@in@stream=\read1
)
\verbatim@out=\write4
\tab@position=\count94
\tab@size=\count95
\listing@line=\count96
) (./algorithm2e.sty
Package: algorithm2e 2005/10/04 v3.9 algorithms environments
\c@AlgoLine=\count97

(/usr/share/texmf/tex/latex/base/ifthen.sty
Package: ifthen 2001/05/26 v1.1c Standard LaTeX ifthen package (DPC)
)
(/usr/share/texmf/tex/latex/tools/xspace.sty
Package: xspace 1997/10/13 v1.06 Space after command names (DPC)
)
********************************************************
Package `algorithm2e' Release 3.9 -- october 04 2005 --
- algorithm2e-announce@lirmm.fr mailing list for announcement about releases
- algorithm2e-discussion@lirmm.fr mailing list for discussion about package
subscribe by emailing sympa@lirmm.fr with 'subscribe <list> <firstname name>'
- Author: Christophe Fiorio (fiorio@lirmm.fr)
********************************************************
\skiptotal=\skip43
\skiprule=\skip44
\skiphlne=\skip45
\skiptext=\skip46
\skiplength=\skip47
\algomargin=\skip48
\skipalgocfslide=\skip49
\algowidth=\dimen106
\inoutsize=\dimen107
\inoutline=\dimen108
\algocf@inoutbox=\box26
\algocf@inputbox=\box27
\AlCapSkip=\skip50
\AlCapHSkip=\skip51
\algocf@capbox=\box28
\c@algocfline=\count98
\c@algocf=\count99
\algocf@algoframe=\box29
\algocf@algobox=\box30
)
\@indexfile=\write5
\openout5 = `algorithm2e.idx'.


Writing index file algorithm2e.idx
(./algorithm2e.aux)
\openout1 = `algorithm2e.aux'.

LaTeX Font Info:    Checking defaults for OML/cmm/m/it on input line 147.
LaTeX Font Info:    ... okay on input line 147.
LaTeX Font Info:    Checking defaults for T1/cmr/m/n on input line 147.
LaTeX Font Info:    ... okay on input line 147.
LaTeX Font Info:    Checking defaults for OT1/cmr/m/n on input line 147.
LaTeX Font Info:    ... okay on input line 147.
LaTeX Font Info:    Checking defaults for OMS/cmsy/m/n on input line 147.
LaTeX Font Info:    ... okay on input line 147.
LaTeX Font Info:    Checking defaults for OMX/cmex/m/n on input line 147.
LaTeX Font Info:    ... okay on input line 147.
LaTeX Font Info:    Checking defaults for U/cmr/m/n on input line 147.
LaTeX Font Info:    ... okay on input line 147.
LaTeX Font Info:    Checking defaults for PD1/pdf/m/n on input line 147.
LaTeX Font Info:    ... okay on input line 147.
 (/usr/share/texmf/tex/latex/graphics/color.sty
Package: color 1999/02/16 v1.0i Standard LaTeX Color (DPC)

(/usr/share/texmf/tex/latex/graphics/color.cfg
File: color.cfg 2005/02/03 v1.3 color configuration of teTeX/TeXLive
)
Package color Info: Driver file: pdftex.def on input line 125.

(/usr/share/texmf/tex/latex/graphics/pdftex.def
File: pdftex.def 2002/06/19 v0.03k graphics/color for pdftex
\Gread@gobject=\count100

(/usr/share/texmf/tex/context/base/supp-pdf.tex
(/usr/share/texmf/tex/context/base/supp-mis.tex
loading : Context Support Macros / Miscellaneous (2004.10.26)
\protectiondepth=\count101
\scratchcounter=\count102
\scratchtoks=\toks19
\scratchdimen=\dimen109
\scratchskip=\skip52
\scratchmuskip=\muskip10
\scratchbox=\box31
\scratchread=\read2
\scratchwrite=\write6
\zeropoint=\dimen110
\onepoint=\dimen111
\onebasepoint=\dimen112
\minusone=\count103
\thousandpoint=\dimen113
\onerealpoint=\dimen114
\emptytoks=\toks20
\nextbox=\box32
\nextdepth=\dimen115
\everyline=\toks21
\!!counta=\count104
\!!countb=\count105
\recursecounter=\count106
)
loading : Context Support Macros / PDF (2004.03.26)
\nofMPsegments=\count107
\nofMParguments=\count108
\MPscratchCnt=\count109
\MPscratchDim=\dimen116
\MPnumerator=\count110
\everyMPtoPDFconversion=\toks22
)))
Package hyperref Info: Link coloring ON on input line 147.
 (/usr/share/texmf/tex/latex/hyperref/nameref.sty
Package: nameref 2003/12/03 v2.21 Cross-referencing by name of section
\c@section@level=\count111
)
LaTeX Info: Redefining \ref on input line 147.
LaTeX Info: Redefining \pageref on input line 147.
 (./algorithm2e.out)
(./algorithm2e.out)
\openout3 = `algorithm2e.out'.

LaTeX Font Info:    External font `cmex10' loaded for size
(Font)              <12> on input line 149.
LaTeX Font Info:    External font `cmex10' loaded for size
(Font)              <8> on input line 149.
LaTeX Font Info:    External font `cmex10' loaded for size
(Font)              <6> on input line 149.
LaTeX Font Info:    External font `cmex10' loaded for size
(Font)              <5> on input line 149.
 (./algorithm2e.toc)
\tf@toc=\write7
\openout7 = `algorithm2e.toc'.

 [1

{/usr/share/texmf-var/fonts/map/pdftex/updmap/pdftex.map}]
LaTeX Font Info:    External font `cmex10' loaded for size
(Font)              <7> on input line 156.
LaTeX Font Info:    Try loading font information for OMS+cmtt on input line 176
.
LaTeX Font Info:    No file OMScmtt.fd. on input line 176.


LaTeX Font Warning: Font shape `OMS/cmtt/m/n' undefined
(Font)              using `OMS/cmsy/m/n' instead
(Font)              for symbol `textbraceleft' on input line 176.


LaTeX Warning: Reference `longexample' on page 2 undefined on input line 189.

Package hyperref Info: bookmark level for unknown algocf defaults to 0 on input
 line 228.

Underfull \hbox (badness 10000) detected at line 229
[][]
 []


Underfull \hbox (badness 10000) in paragraph at lines 213--230

 []

[2

]
LaTeX Font Info:    Try loading font information for OMS+cmr on input line 287.

 (/usr/share/texmf/tex/latex/base/omscmr.fd
File: omscmr.fd 1999/05/25 v2.5h Standard LaTeX font definitions
)
LaTeX Font Info:    Font shape `OMS/cmr/m/n' in size <10> not available
(Font)              Font shape `OMS/cmsy/m/n' tried instead on input line 287.
 [3] [4] [5]
LaTeX Font Info:    Font shape `OT1/cmtt/bx/n' in size <10> not available
(Font)              Font shape `OT1/cmtt/m/n' tried instead on input line 454.


LaTeX Font Warning: Font shape `OMS/cmtt/bx/n' undefined
(Font)              using `OMS/cmtt/m/n' instead
(Font)              for symbol `textbraceleft' on input line 456.


LaTeX Font Warning: Font shape `OT1/cmss/m/it' in size <9> not available
(Font)              Font shape `OT1/cmss/m/sl' tried instead on input line 463.


LaTeX Font Info:    External font `cmex10' loaded for size
(Font)              <9> on input line 463.
[6]
Overfull \hbox (48.93935pt too wide) in paragraph at lines 522--526
\OT1/cmr/m/n/10 ex-tra space, use $\OMS/cmtt/bx/n/10 n$\OT1/cmtt/m/n/10 SetAlgo
InsideSkip\OMS/cmtt/bx/n/10 f\OT1/cmtt/m/n/10 skip command\OMS/cmtt/bx/n/10 g[]
\OT1/cmr/m/n/10 , for ex-am-ple $\OMS/cmtt/bx/n/10 n$\OT1/cmtt/m/n/10 SetAlgoIn
sideSkip\OMS/cmtt/bx/n/10 f\OT1/cmtt/m/n/10 smallskip\OMS/cmtt/bx/n/10 g[]\OT1/
cmr/m/n/10 ,
 []

[7]

LaTeX Font Warning: Font shape `OT1/cmss/m/it' in size <10> not available
(Font)              Font shape `OT1/cmss/m/sl' tried instead on input line 569.


[8]

LaTeX Warning: Reference `sec_lang' on page 9 undefined on input line 615.

Missing character: There is no à in font cmr10!
Missing character: There is no à in font cmr10!
Missing character: There is no à in font cmr10!
Missing character: There is no à in font cmr10!
Missing character: There is no à in font cmr10!
Missing character: There is no à in font cmr10!
Missing character: There is no à in font cmr10!
Missing character: There is no à in font cmr10!
Missing character: There is no à in font cmr10!
Missing character: There is no à in font cmr10!
Missing character: There is no à in font cmr10!
Missing character: There is no à in font cmr10!
[9] [10] [11]
Overfull \hbox (4.27582pt too wide) in paragraph at lines 782--794
\OT1/cmr/m/n/10 Example $\OMS/cmtt/bx/n/10 n$\OT1/cmr/m/n/10 SetKwInParam\OMS/c
mtt/bx/n/10 f\OT1/cmr/m/n/10 Func\OMS/cmtt/bx/n/10 gf\OT1/cmr/m/n/10 (\OMS/cmtt
/bx/n/10 gf\OT1/cmr/m/n/10 )\OMS/cmtt/bx/n/10 g \OT1/cmr/m/n/10 de-fines macro 
$\OMS/cmtt/bx/n/10 n$\OT1/cmr/m/n/10 Func and $\OMS/cmtt/bx/n/10 n$\OT1/cmr/m/n
/10 Func\OMS/cmtt/bx/n/10 f\OT1/cmr/m/n/10 function\OMS/cmtt/bx/n/10 gf\OT1/cmr
/m/n/10 arg1, arg2,
 []

[12]
Overfull \hbox (5.32898pt too wide) in paragraph at lines 839--841
[]\OT1/cmr/m/n/10 defines sev-eral macros to give
 []

No file algorithm2e_ex01.tex.

! LaTeX Error: File `algorithm2e_ex01.tex' not found.

Type X to quit or <RETURN> to proceed,
or enter new name. (Default extension: tex)

Enter file name: q
(/usr/share/texmf/tex/latex/tools/q.tex File ignored
)
Underfull \hbox (badness 10000) detected at line 904
[][]
 []

No file algorithm2e_ex02.tex.

! LaTeX Error: File `algorithm2e_ex02.tex' not found.

Type X to quit or <RETURN> to proceed,
or enter new name. (Default extension: tex)

Enter file name: 
! Emergency stop.
<read *> 
         
l.905 \ExampleOfAlgo{algorithm2e_ex02.tex}
                                          \par---\par^^M
*** (cannot \read from terminal in nonstop modes)

 
Here is how much of TeX's memory you used:
 3852 strings out of 94500
 50033 string characters out of 1176766
 132035 words of memory out of 1000000
 6932 multiletter control sequences out of 10000+50000
 13134 words of font info for 46 fonts, out of 500000 for 2000
 580 hyphenation exceptions out of 1000
 32i,12n,38p,285b,318s stack positions out of 1500i,500n,5000p,200000b,5000s
PDF statistics:
 218 PDF objects out of 300000
 52 named destinations out of 131072
 97 words of extra memory for PDF output out of 65536
!  ==> Fatal error occurred, the output PDF file is not finished!
